1536263379968	geckodriver	INFO	geckodriver 0.21.0
1536263379972	geckodriver	INFO	Listening on 127.0.0.1:59135
1536263381033	mozrunner::runner	INFO	Running command: "/usr/bin/firefox" "-marionette" "-foreground" "-no-remote" "-profile" "/tmp/rust_mozprofile.aRJXe89e5QFq"
1536263381360	addons.xpi	WARN	Can't get modified time of /usr/lib64/firefox/browser/features/aushelper@mozilla.org.xpi
1536263381426	addons.xpi-utils	WARN	addMetadata: Add-on aushelper@mozilla.org is invalid: [Exception... "Component returned failure code: 0x80520006 (NS_ERROR_FILE_TARGET_DOES_NOT_EXIST) [nsIFile.isFile]"  nsresult: "0x80520006 (NS_ERROR_FILE_TARGET_DOES_NOT_EXIST)"  location: "JS frame :: resource://gre/modules/addons/XPIInstall.jsm :: this.loadManifestFromFile :: line 969"  data: no] Stack trace: this.loadManifestFromFile()@resource://gre/modules/addons/XPIInstall.jsm:969 < syncLoadManifestFromFile()@resource://gre/modules/addons/XPIProvider.jsm:938 < addMetadata()@resource://gre/modules/addons/XPIProvider.jsm -> resource://gre/modules/addons/XPIProviderUtils.js:1176 < processFileChanges()@resource://gre/modules/addons/XPIProvider.jsm -> resource://gre/modules/addons/XPIProviderUtils.js:1532 < checkForChanges()@resource://gre/modules/addons/XPIProvider.jsm:3276 < startup()@resource://gre/modules/addons/XPIProvider.jsm:2182 < callProvider()@resource://gre/modules/AddonManager.jsm:264 < _startProvider()@resource://gre/modules/AddonManager.jsm:740 < startup()@resource://gre/modules/AddonManager.jsm:907 < startup()@resource://gre/modules/AddonManager.jsm:3089 < observe()@jar:file:///usr/lib64/firefox/omni.ja!/components/addonManager.js:65
1536263381426	addons.xpi-utils	WARN	Could not uninstall invalid item from locked install location
1536263381532	Marionette	INFO	Enabled via --marionette
1536263382302	addons.xpi	WARN	Can't get modified time of /usr/lib64/firefox/browser/features/aushelper@mozilla.org.xpi
1536263382506	Marionette	INFO	Listening on port 40155
1536263382544	Marionette	WARN	TLS certificate errors will be ignored for this session
JavaScript error: https://start.fedoraproject.org/, line 292: TypeError: $(...).uls is not a function

###!!! [Parent][MessageChannel] Error: (msgtype=0x150080,name=PBrowser::Msg_Destroy) Closed channel: cannot send/recv

*** UTM:SVC TimerManager:registerTimer called after profile-before-change notification. Ignoring timer registration for id: telemetry_modules_ping
1536263403942	geckodriver	INFO	geckodriver 0.21.0
1536263403946	geckodriver	INFO	Listening on 127.0.0.1:59353
1536263404997	mozrunner::runner	INFO	Running command: "/usr/bin/firefox" "-marionette" "-foreground" "-no-remote" "-profile" "/tmp/rust_mozprofile.9nku6p3DGQPg"
1536263410636	addons.xpi	WARN	Can't get modified time of /usr/lib64/firefox/browser/features/aushelper@mozilla.org.xpi
1536263410706	addons.xpi-utils	WARN	addMetadata: Add-on aushelper@mozilla.org is invalid: [Exception... "Component returned failure code: 0x80520006 (NS_ERROR_FILE_TARGET_DOES_NOT_EXIST) [nsIFile.isFile]"  nsresult: "0x80520006 (NS_ERROR_FILE_TARGET_DOES_NOT_EXIST)"  location: "JS frame :: resource://gre/modules/addons/XPIInstall.jsm :: this.loadManifestFromFile :: line 969"  data: no] Stack trace: this.loadManifestFromFile()@resource://gre/modules/addons/XPIInstall.jsm:969 < syncLoadManifestFromFile()@resource://gre/modules/addons/XPIProvider.jsm:938 < addMetadata()@resource://gre/modules/addons/XPIProvider.jsm -> resource://gre/modules/addons/XPIProviderUtils.js:1176 < processFileChanges()@resource://gre/modules/addons/XPIProvider.jsm -> resource://gre/modules/addons/XPIProviderUtils.js:1532 < checkForChanges()@resource://gre/modules/addons/XPIProvider.jsm:3276 < startup()@resource://gre/modules/addons/XPIProvider.jsm:2182 < callProvider()@resource://gre/modules/AddonManager.jsm:264 < _startProvider()@resource://gre/modules/AddonManager.jsm:740 < startup()@resource://gre/modules/AddonManager.jsm:907 < startup()@resource://gre/modules/AddonManager.jsm:3089 < observe()@jar:file:///usr/lib64/firefox/omni.ja!/components/addonManager.js:65
1536263410706	addons.xpi-utils	WARN	Could not uninstall invalid item from locked install location
1536263410816	Marionette	INFO	Enabled via --marionette
1536263411606	addons.xpi	WARN	Can't get modified time of /usr/lib64/firefox/browser/features/aushelper@mozilla.org.xpi
1536263411778	Marionette	INFO	Listening on port 43341
1536263411818	Marionette	WARN	TLS certificate errors will be ignored for this session
JavaScript error: https://start.fedoraproject.org/, line 292: TypeError: $(...).uls is not a function

###!!! [Parent][MessageChannel] Error: (msgtype=0x150080,name=PBrowser::Msg_Destroy) Closed channel: cannot send/recv

*** UTM:SVC TimerManager:registerTimer called after profile-before-change notification. Ignoring timer registration for id: telemetry_modules_ping
1536263537169	geckodriver	INFO	geckodriver 0.21.0
1536263537173	geckodriver	INFO	Listening on 127.0.0.1:34505
1536263538221	mozrunner::runner	INFO	Running command: "/usr/bin/firefox" "-marionette" "-foreground" "-no-remote" "-profile" "/tmp/rust_mozprofile.p1Rv16IRDLmc"
1536263538546	addons.xpi	WARN	Can't get modified time of /usr/lib64/firefox/browser/features/aushelper@mozilla.org.xpi
1536263538612	addons.xpi-utils	WARN	addMetadata: Add-on aushelper@mozilla.org is invalid: [Exception... "Component returned failure code: 0x80520006 (NS_ERROR_FILE_TARGET_DOES_NOT_EXIST) [nsIFile.isFile]"  nsresult: "0x80520006 (NS_ERROR_FILE_TARGET_DOES_NOT_EXIST)"  location: "JS frame :: resource://gre/modules/addons/XPIInstall.jsm :: this.loadManifestFromFile :: line 969"  data: no] Stack trace: this.loadManifestFromFile()@resource://gre/modules/addons/XPIInstall.jsm:969 < syncLoadManifestFromFile()@resource://gre/modules/addons/XPIProvider.jsm:938 < addMetadata()@resource://gre/modules/addons/XPIProvider.jsm -> resource://gre/modules/addons/XPIProviderUtils.js:1176 < processFileChanges()@resource://gre/modules/addons/XPIProvider.jsm -> resource://gre/modules/addons/XPIProviderUtils.js:1532 < checkForChanges()@resource://gre/modules/addons/XPIProvider.jsm:3276 < startup()@resource://gre/modules/addons/XPIProvider.jsm:2182 < callProvider()@resource://gre/modules/AddonManager.jsm:264 < _startProvider()@resource://gre/modules/AddonManager.jsm:740 < startup()@resource://gre/modules/AddonManager.jsm:907 < startup()@resource://gre/modules/AddonManager.jsm:3089 < observe()@jar:file:///usr/lib64/firefox/omni.ja!/components/addonManager.js:65
1536263538614	addons.xpi-utils	WARN	Could not uninstall invalid item from locked install location
1536263538720	Marionette	INFO	Enabled via --marionette
1536263539492	addons.xpi	WARN	Can't get modified time of /usr/lib64/firefox/browser/features/aushelper@mozilla.org.xpi
1536263539660	Marionette	INFO	Listening on port 38899
1536263539728	Marionette	WARN	TLS certificate errors will be ignored for this session
JavaScript error: https://start.fedoraproject.org/, line 292: TypeError: $(...).uls is not a function

###!!! [Parent][MessageChannel] Error: (msgtype=0x150080,name=PBrowser::Msg_Destroy) Closed channel: cannot send/recv

*** UTM:SVC TimerManager:registerTimer called after profile-before-change notification. Ignoring timer registration for id: telemetry_modules_ping
1536263558981	geckodriver	INFO	geckodriver 0.21.0
1536263558986	geckodriver	INFO	Listening on 127.0.0.1:42377
1536263633900	geckodriver	INFO	geckodriver 0.21.0
1536263633905	geckodriver	INFO	Listening on 127.0.0.1:36233
1536263634958	mozrunner::runner	INFO	Running command: "/usr/bin/firefox" "-marionette" "-foreground" "-no-remote" "-profile" "/tmp/rust_mozprofile.B3ouzy1fcyYy"
1536263635288	addons.xpi	WARN	Can't get modified time of /usr/lib64/firefox/browser/features/aushelper@mozilla.org.xpi
1536263635352	addons.xpi-utils	WARN	addMetadata: Add-on aushelper@mozilla.org is invalid: [Exception... "Component returned failure code: 0x80520006 (NS_ERROR_FILE_TARGET_DOES_NOT_EXIST) [nsIFile.isFile]"  nsresult: "0x80520006 (NS_ERROR_FILE_TARGET_DOES_NOT_EXIST)"  location: "JS frame :: resource://gre/modules/addons/XPIInstall.jsm :: this.loadManifestFromFile :: line 969"  data: no] Stack trace: this.loadManifestFromFile()@resource://gre/modules/addons/XPIInstall.jsm:969 < syncLoadManifestFromFile()@resource://gre/modules/addons/XPIProvider.jsm:938 < addMetadata()@resource://gre/modules/addons/XPIProvider.jsm -> resource://gre/modules/addons/XPIProviderUtils.js:1176 < processFileChanges()@resource://gre/modules/addons/XPIProvider.jsm -> resource://gre/modules/addons/XPIProviderUtils.js:1532 < checkForChanges()@resource://gre/modules/addons/XPIProvider.jsm:3276 < startup()@resource://gre/modules/addons/XPIProvider.jsm:2182 < callProvider()@resource://gre/modules/AddonManager.jsm:264 < _startProvider()@resource://gre/modules/AddonManager.jsm:740 < startup()@resource://gre/modules/AddonManager.jsm:907 < startup()@resource://gre/modules/AddonManager.jsm:3089 < observe()@jar:file:///usr/lib64/firefox/omni.ja!/components/addonManager.js:65
1536263635352	addons.xpi-utils	WARN	Could not uninstall invalid item from locked install location
1536263635458	Marionette	INFO	Enabled via --marionette
1536263636222	addons.xpi	WARN	Can't get modified time of /usr/lib64/firefox/browser/features/aushelper@mozilla.org.xpi
1536263636458	Marionette	INFO	Listening on port 46381
1536263636478	Marionette	WARN	TLS certificate errors will be ignored for this session
JavaScript error: https://start.fedoraproject.org/, line 292: TypeError: $(...).uls is not a function

###!!! [Parent][MessageChannel] Error: (msgtype=0x150080,name=PBrowser::Msg_Destroy) Closed channel: cannot send/recv

*** UTM:SVC TimerManager:registerTimer called after profile-before-change notification. Ignoring timer registration for id: telemetry_modules_ping
1536263651127	geckodriver	INFO	geckodriver 0.21.0
1536263651133	geckodriver	INFO	Listening on 127.0.0.1:60845
1536263652177	mozrunner::runner	INFO	Running command: "/usr/bin/firefox" "-marionette" "-foreground" "-no-remote" "-profile" "/tmp/rust_mozprofile.RmHisweo5ftc"
1536263668472	geckodriver	INFO	geckodriver 0.21.0
1536263668477	geckodriver	INFO	Listening on 127.0.0.1:54649
1536263669517	mozrunner::runner	INFO	Running command: "/usr/bin/firefox" "-marionette" "-foreground" "-no-remote" "-profile" "/tmp/rust_mozprofile.rTgHy2h9oEmH"
1536263669852	addons.xpi	WARN	Can't get modified time of /usr/lib64/firefox/browser/features/aushelper@mozilla.org.xpi
1536263669916	addons.xpi-utils	WARN	addMetadata: Add-on aushelper@mozilla.org is invalid: [Exception... "Component returned failure code: 0x80520006 (NS_ERROR_FILE_TARGET_DOES_NOT_EXIST) [nsIFile.isFile]"  nsresult: "0x80520006 (NS_ERROR_FILE_TARGET_DOES_NOT_EXIST)"  location: "JS frame :: resource://gre/modules/addons/XPIInstall.jsm :: this.loadManifestFromFile :: line 969"  data: no] Stack trace: this.loadManifestFromFile()@resource://gre/modules/addons/XPIInstall.jsm:969 < syncLoadManifestFromFile()@resource://gre/modules/addons/XPIProvider.jsm:938 < addMetadata()@resource://gre/modules/addons/XPIProvider.jsm -> resource://gre/modules/addons/XPIProviderUtils.js:1176 < processFileChanges()@resource://gre/modules/addons/XPIProvider.jsm -> resource://gre/modules/addons/XPIProviderUtils.js:1532 < checkForChanges()@resource://gre/modules/addons/XPIProvider.jsm:3276 < startup()@resource://gre/modules/addons/XPIProvider.jsm:2182 < callProvider()@resource://gre/modules/AddonManager.jsm:264 < _startProvider()@resource://gre/modules/AddonManager.jsm:740 < startup()@resource://gre/modules/AddonManager.jsm:907 < startup()@resource://gre/modules/AddonManager.jsm:3089 < observe()@jar:file:///usr/lib64/firefox/omni.ja!/components/addonManager.js:65
1536263669916	addons.xpi-utils	WARN	Could not uninstall invalid item from locked install location
1536263670024	Marionette	INFO	Enabled via --marionette
1536263670828	addons.xpi	WARN	Can't get modified time of /usr/lib64/firefox/browser/features/aushelper@mozilla.org.xpi
1536263671052	Marionette	INFO	Listening on port 38791
1536263671122	Marionette	WARN	TLS certificate errors will be ignored for this session
JavaScript error: https://start.fedoraproject.org/, line 292: TypeError: $(...).uls is not a function
JavaScript warning: https://polarion.engineering.redhat.com/polarion/#/project/Polarion, line 337: unreachable code after return statement
JavaScript warning: https://polarion.engineering.redhat.com/polarion/#/project/Polarion, line 25: unreachable code after return statement
JavaScript warning: https://polarion.engineering.redhat.com/polarion/#/project/Polarion, line 25: unreachable code after return statement
JavaScript warning: https://polarion.engineering.redhat.com/polarion/#/project/Polarion, line 337: unreachable code after return statement
JavaScript warning: https://polarion.engineering.redhat.com/polarion/wiki/skins/sidecar/skin.js?buildNumber=20180313-2239, line 11: unreachable code after return statement
JavaScript warning: https://polarion.engineering.redhat.com/polarion/wiki/skins/sidecar/skin.js?buildNumber=20180313-2239, line 11: unreachable code after return statement
JavaScript warning: https://polarion.engineering.redhat.com/polarion/wiki/skins/sidecar/scriptaculous/controls.js, line 604: unreachable code after return statement

###!!! [Parent][MessageChannel] Error: (msgtype=0x150080,name=PBrowser::Msg_Destroy) Closed channel: cannot send/recv

*** UTM:SVC TimerManager:registerTimer called after profile-before-change notification. Ignoring timer registration for id: telemetry_modules_ping
1536263693581	geckodriver	INFO	geckodriver 0.21.0
1536263693585	geckodriver	INFO	Listening on 127.0.0.1:60411
1536263694632	mozrunner::runner	INFO	Running command: "/usr/bin/firefox" "-marionette" "-foreground" "-no-remote" "-profile" "/tmp/rust_mozprofile.QC46ip5IfPWg"
1536263694964	addons.xpi	WARN	Can't get modified time of /usr/lib64/firefox/browser/features/aushelper@mozilla.org.xpi
1536263695034	addons.xpi-utils	WARN	addMetadata: Add-on aushelper@mozilla.org is invalid: [Exception... "Component returned failure code: 0x80520006 (NS_ERROR_FILE_TARGET_DOES_NOT_EXIST) [nsIFile.isFile]"  nsresult: "0x80520006 (NS_ERROR_FILE_TARGET_DOES_NOT_EXIST)"  location: "JS frame :: resource://gre/modules/addons/XPIInstall.jsm :: this.loadManifestFromFile :: line 969"  data: no] Stack trace: this.loadManifestFromFile()@resource://gre/modules/addons/XPIInstall.jsm:969 < syncLoadManifestFromFile()@resource://gre/modules/addons/XPIProvider.jsm:938 < addMetadata()@resource://gre/modules/addons/XPIProvider.jsm -> resource://gre/modules/addons/XPIProviderUtils.js:1176 < processFileChanges()@resource://gre/modules/addons/XPIProvider.jsm -> resource://gre/modules/addons/XPIProviderUtils.js:1532 < checkForChanges()@resource://gre/modules/addons/XPIProvider.jsm:3276 < startup()@resource://gre/modules/addons/XPIProvider.jsm:2182 < callProvider()@resource://gre/modules/AddonManager.jsm:264 < _startProvider()@resource://gre/modules/AddonManager.jsm:740 < startup()@resource://gre/modules/AddonManager.jsm:907 < startup()@resource://gre/modules/AddonManager.jsm:3089 < observe()@jar:file:///usr/lib64/firefox/omni.ja!/components/addonManager.js:65
1536263695034	addons.xpi-utils	WARN	Could not uninstall invalid item from locked install location
1536263695150	Marionette	INFO	Enabled via --marionette
1536263695958	addons.xpi	WARN	Can't get modified time of /usr/lib64/firefox/browser/features/aushelper@mozilla.org.xpi
1536263696190	Marionette	INFO	Listening on port 41825
1536263696242	Marionette	WARN	TLS certificate errors will be ignored for this session
JavaScript error: https://start.fedoraproject.org/, line 292: TypeError: $(...).uls is not a function

###!!! [Parent][MessageChannel] Error: (msgtype=0x150080,name=PBrowser::Msg_Destroy) Closed channel: cannot send/recv

*** UTM:SVC TimerManager:registerTimer called after profile-before-change notification. Ignoring timer registration for id: telemetry_modules_ping
1536321136328	geckodriver	INFO	geckodriver 0.21.0
1536321136332	geckodriver	INFO	Listening on 127.0.0.1:48109
1536321137386	mozrunner::runner	INFO	Running command: "/usr/bin/firefox" "-marionette" "-foreground" "-no-remote" "-profile" "/tmp/rust_mozprofile.edlv5I0OaAIB"
1536321137820	addons.xpi	WARN	Can't get modified time of /usr/lib64/firefox/browser/features/aushelper@mozilla.org.xpi
1536321137884	addons.xpi-utils	WARN	addMetadata: Add-on aushelper@mozilla.org is invalid: [Exception... "Component returned failure code: 0x80520006 (NS_ERROR_FILE_TARGET_DOES_NOT_EXIST) [nsIFile.isFile]"  nsresult: "0x80520006 (NS_ERROR_FILE_TARGET_DOES_NOT_EXIST)"  location: "JS frame :: resource://gre/modules/addons/XPIInstall.jsm :: this.loadManifestFromFile :: line 969"  data: no] Stack trace: this.loadManifestFromFile()@resource://gre/modules/addons/XPIInstall.jsm:969 < syncLoadManifestFromFile()@resource://gre/modules/addons/XPIProvider.jsm:938 < addMetadata()@resource://gre/modules/addons/XPIProvider.jsm -> resource://gre/modules/addons/XPIProviderUtils.js:1176 < processFileChanges()@resource://gre/modules/addons/XPIProvider.jsm -> resource://gre/modules/addons/XPIProviderUtils.js:1532 < checkForChanges()@resource://gre/modules/addons/XPIProvider.jsm:3276 < startup()@resource://gre/modules/addons/XPIProvider.jsm:2182 < callProvider()@resource://gre/modules/AddonManager.jsm:264 < _startProvider()@resource://gre/modules/AddonManager.jsm:740 < startup()@resource://gre/modules/AddonManager.jsm:907 < startup()@resource://gre/modules/AddonManager.jsm:3089 < observe()@jar:file:///usr/lib64/firefox/omni.ja!/components/addonManager.js:65
1536321137884	addons.xpi-utils	WARN	Could not uninstall invalid item from locked install location
1536321137988	Marionette	INFO	Enabled via --marionette
1536321138712	addons.xpi	WARN	Can't get modified time of /usr/lib64/firefox/browser/features/aushelper@mozilla.org.xpi
1536321138874	Marionette	INFO	Listening on port 38349
1536321138896	Marionette	WARN	TLS certificate errors will be ignored for this session
JavaScript error: https://start.fedoraproject.org/, line 292: TypeError: $(...).uls is not a function
JavaScript warning: https://polarion.engineering.redhat.com/polarion/#/project/Polarion, line 337: unreachable code after return statement
JavaScript warning: https://polarion.engineering.redhat.com/polarion/#/project/Polarion, line 25: unreachable code after return statement
JavaScript warning: https://polarion.engineering.redhat.com/polarion/#/project/Polarion, line 25: unreachable code after return statement
JavaScript warning: https://polarion.engineering.redhat.com/polarion/#/project/Polarion, line 337: unreachable code after return statement
JavaScript warning: https://polarion.engineering.redhat.com/polarion/wiki/skins/sidecar/skin.js?buildNumber=20180313-2239, line 11: unreachable code after return statement
JavaScript warning: https://polarion.engineering.redhat.com/polarion/wiki/skins/sidecar/skin.js?buildNumber=20180313-2239, line 11: unreachable code after return statement
JavaScript warning: https://polarion.engineering.redhat.com/polarion/wiki/skins/sidecar/scriptaculous/controls.js, line 604: unreachable code after return statement

###!!! [Parent][MessageChannel] Error: (msgtype=0x150080,name=PBrowser::Msg_Destroy) Closed channel: cannot send/recv

*** UTM:SVC TimerManager:registerTimer called after profile-before-change notification. Ignoring timer registration for id: telemetry_modules_ping
1536321160608	geckodriver	INFO	geckodriver 0.21.0
1536321160613	geckodriver	INFO	Listening on 127.0.0.1:38699
1536321161658	mozrunner::runner	INFO	Running command: "/usr/bin/firefox" "-marionette" "-foreground" "-no-remote" "-profile" "/tmp/rust_mozprofile.OJFdi7c3C1a1"
1536321161992	addons.xpi	WARN	Can't get modified time of /usr/lib64/firefox/browser/features/aushelper@mozilla.org.xpi
1536321162060	addons.xpi-utils	WARN	addMetadata: Add-on aushelper@mozilla.org is invalid: [Exception... "Component returned failure code: 0x80520006 (NS_ERROR_FILE_TARGET_DOES_NOT_EXIST) [nsIFile.isFile]"  nsresult: "0x80520006 (NS_ERROR_FILE_TARGET_DOES_NOT_EXIST)"  location: "JS frame :: resource://gre/modules/addons/XPIInstall.jsm :: this.loadManifestFromFile :: line 969"  data: no] Stack trace: this.loadManifestFromFile()@resource://gre/modules/addons/XPIInstall.jsm:969 < syncLoadManifestFromFile()@resource://gre/modules/addons/XPIProvider.jsm:938 < addMetadata()@resource://gre/modules/addons/XPIProvider.jsm -> resource://gre/modules/addons/XPIProviderUtils.js:1176 < processFileChanges()@resource://gre/modules/addons/XPIProvider.jsm -> resource://gre/modules/addons/XPIProviderUtils.js:1532 < checkForChanges()@resource://gre/modules/addons/XPIProvider.jsm:3276 < startup()@resource://gre/modules/addons/XPIProvider.jsm:2182 < callProvider()@resource://gre/modules/AddonManager.jsm:264 < _startProvider()@resource://gre/modules/AddonManager.jsm:740 < startup()@resource://gre/modules/AddonManager.jsm:907 < startup()@resource://gre/modules/AddonManager.jsm:3089 < observe()@jar:file:///usr/lib64/firefox/omni.ja!/components/addonManager.js:65
1536321162060	addons.xpi-utils	WARN	Could not uninstall invalid item from locked install location
1536321162170	Marionette	INFO	Enabled via --marionette
1536321162914	addons.xpi	WARN	Can't get modified time of /usr/lib64/firefox/browser/features/aushelper@mozilla.org.xpi
1536321163116	Marionette	INFO	Listening on port 33543
1536321163164	Marionette	WARN	TLS certificate errors will be ignored for this session
JavaScript error: https://start.fedoraproject.org/, line 292: TypeError: $(...).uls is not a function

###!!! [Parent][MessageChannel] Error: (msgtype=0x150080,name=PBrowser::Msg_Destroy) Closed channel: cannot send/recv

*** UTM:SVC TimerManager:registerTimer called after profile-before-change notification. Ignoring timer registration for id: telemetry_modules_ping
1536321166847	geckodriver	INFO	geckodriver 0.21.0
1536321166853	geckodriver	INFO	Listening on 127.0.0.1:57253
1536321167903	mozrunner::runner	INFO	Running command: "/usr/bin/firefox" "-marionette" "-foreground" "-no-remote" "-profile" "/tmp/rust_mozprofile.IwLA2WEtsGVq"
1536321168242	addons.xpi	WARN	Can't get modified time of /usr/lib64/firefox/browser/features/aushelper@mozilla.org.xpi
1536321168310	addons.xpi-utils	WARN	addMetadata: Add-on aushelper@mozilla.org is invalid: [Exception... "Component returned failure code: 0x80520006 (NS_ERROR_FILE_TARGET_DOES_NOT_EXIST) [nsIFile.isFile]"  nsresult: "0x80520006 (NS_ERROR_FILE_TARGET_DOES_NOT_EXIST)"  location: "JS frame :: resource://gre/modules/addons/XPIInstall.jsm :: this.loadManifestFromFile :: line 969"  data: no] Stack trace: this.loadManifestFromFile()@resource://gre/modules/addons/XPIInstall.jsm:969 < syncLoadManifestFromFile()@resource://gre/modules/addons/XPIProvider.jsm:938 < addMetadata()@resource://gre/modules/addons/XPIProvider.jsm -> resource://gre/modules/addons/XPIProviderUtils.js:1176 < processFileChanges()@resource://gre/modules/addons/XPIProvider.jsm -> resource://gre/modules/addons/XPIProviderUtils.js:1532 < checkForChanges()@resource://gre/modules/addons/XPIProvider.jsm:3276 < startup()@resource://gre/modules/addons/XPIProvider.jsm:2182 < callProvider()@resource://gre/modules/AddonManager.jsm:264 < _startProvider()@resource://gre/modules/AddonManager.jsm:740 < startup()@resource://gre/modules/AddonManager.jsm:907 < startup()@resource://gre/modules/AddonManager.jsm:3089 < observe()@jar:file:///usr/lib64/firefox/omni.ja!/components/addonManager.js:65
1536321168310	addons.xpi-utils	WARN	Could not uninstall invalid item from locked install location
1536321168416	Marionette	INFO	Enabled via --marionette
1536321169144	addons.xpi	WARN	Can't get modified time of /usr/lib64/firefox/browser/features/aushelper@mozilla.org.xpi
1536321169302	Marionette	INFO	Listening on port 44927
1536321169312	Marionette	WARN	TLS certificate errors will be ignored for this session
JavaScript error: https://start.fedoraproject.org/, line 292: TypeError: $(...).uls is not a function

###!!! [Parent][MessageChannel] Error: (msgtype=0x150080,name=PBrowser::Msg_Destroy) Closed channel: cannot send/recv

*** UTM:SVC TimerManager:registerTimer called after profile-before-change notification. Ignoring timer registration for id: telemetry_modules_ping
1536321172827	geckodriver	INFO	geckodriver 0.21.0
1536321172832	geckodriver	INFO	Listening on 127.0.0.1:51687
1536321173874	mozrunner::runner	INFO	Running command: "/usr/bin/firefox" "-marionette" "-foreground" "-no-remote" "-profile" "/tmp/rust_mozprofile.5vare0Pn2WAm"
1536321174212	addons.xpi	WARN	Can't get modified time of /usr/lib64/firefox/browser/features/aushelper@mozilla.org.xpi
1536321174274	addons.xpi-utils	WARN	addMetadata: Add-on aushelper@mozilla.org is invalid: [Exception... "Component returned failure code: 0x80520006 (NS_ERROR_FILE_TARGET_DOES_NOT_EXIST) [nsIFile.isFile]"  nsresult: "0x80520006 (NS_ERROR_FILE_TARGET_DOES_NOT_EXIST)"  location: "JS frame :: resource://gre/modules/addons/XPIInstall.jsm :: this.loadManifestFromFile :: line 969"  data: no] Stack trace: this.loadManifestFromFile()@resource://gre/modules/addons/XPIInstall.jsm:969 < syncLoadManifestFromFile()@resource://gre/modules/addons/XPIProvider.jsm:938 < addMetadata()@resource://gre/modules/addons/XPIProvider.jsm -> resource://gre/modules/addons/XPIProviderUtils.js:1176 < processFileChanges()@resource://gre/modules/addons/XPIProvider.jsm -> resource://gre/modules/addons/XPIProviderUtils.js:1532 < checkForChanges()@resource://gre/modules/addons/XPIProvider.jsm:3276 < startup()@resource://gre/modules/addons/XPIProvider.jsm:2182 < callProvider()@resource://gre/modules/AddonManager.jsm:264 < _startProvider()@resource://gre/modules/AddonManager.jsm:740 < startup()@resource://gre/modules/AddonManager.jsm:907 < startup()@resource://gre/modules/AddonManager.jsm:3089 < observe()@jar:file:///usr/lib64/firefox/omni.ja!/components/addonManager.js:65
1536321174276	addons.xpi-utils	WARN	Could not uninstall invalid item from locked install location
1536321174382	Marionette	INFO	Enabled via --marionette
1536321175106	addons.xpi	WARN	Can't get modified time of /usr/lib64/firefox/browser/features/aushelper@mozilla.org.xpi
1536321175302	Marionette	INFO	Listening on port 35865
1536321175380	Marionette	WARN	TLS certificate errors will be ignored for this session
JavaScript error: https://start.fedoraproject.org/, line 292: TypeError: $(...).uls is not a function

###!!! [Parent][MessageChannel] Error: (msgtype=0x150080,name=PBrowser::Msg_Destroy) Closed channel: cannot send/recv

*** UTM:SVC TimerManager:registerTimer called after profile-before-change notification. Ignoring timer registration for id: telemetry_modules_ping
